<?xml version="1.0" encoding="UTF-8"?>
<!-- Generated by org.testng.reporters.JUnitReportReporter -->
<testsuite ignored="0" hostname="DESKTOP-JES07HQ" failures="0" tests="1" name="api.testing.DeleteUserData" time="3.581" errors="0" timestamp="01 Jan 2020 19:50:13 GMT" skipped="0">
  <testcase classname="api.testing.DeleteUserData" name="putData" time="3.581"/>
</testsuite> <!-- api.testing.DeleteUserData -->
