<?xml version="1.0" encoding="UTF-8"?>
<!-- Generated by org.testng.reporters.JUnitReportReporter -->
<testsuite ignored="0" hostname="DESKTOP-JES07HQ" failures="0" tests="1" name="api.testing.GetSingleUserData" time="2.763" errors="0" timestamp="01 Jan 2020 17:32:59 GMT" skipped="0">
  <testcase classname="api.testing.GetSingleUserData" name="getUserData" time="2.763"/>
</testsuite> <!-- api.testing.GetSingleUserData -->
