<?xml version="1.0" encoding="UTF-8"?>
<!-- Generated by org.testng.reporters.JUnitReportReporter -->
<testsuite ignored="0" hostname="DESKTOP-JES07HQ" failures="0" tests="1" name="ApiTesting.GetData" time="2.080" errors="0" timestamp="01 Jan 2020 16:56:14 GMT" skipped="0">
  <testcase classname="ApiTesting.GetData" name="getUserData" time="2.080"/>
</testsuite> <!-- ApiTesting.GetData -->
