<?xml version="1.0" encoding="UTF-8"?>
<!-- Generated by org.testng.reporters.JUnitReportReporter -->
<testsuite ignored="0" hostname="DESKTOP-JES07HQ" failures="0" tests="1" name="api.testing.UpdateUserData" time="2.885" errors="0" timestamp="01 Jan 2020 19:37:02 GMT" skipped="0">
  <testcase classname="api.testing.UpdateUserData" name="putData" time="2.885"/>
</testsuite> <!-- api.testing.UpdateUserData -->
